host: codespaces-015d31
Building DAG of jobs...
Using shell: /usr/bin/bash
Provided cores: 2
Rules claiming more threads will be scaled down.
Job stats:
job                     count
--------------------  -------
all                         1
install_dependencies        1
run_flask                   1
total                       3

Select jobs to execute...
Execute 1 jobs...

[Tue Jan 14 00:53:20 2025]
localrule install_dependencies:
    output: dependencies_installed
    jobid: 2
    reason: Missing output files: dependencies_installed
    resources: tmpdir=/tmp

[Tue Jan 14 00:53:21 2025]
Finished job 2.
1 of 3 steps (33%) done
Select jobs to execute...
Execute 1 jobs...

[Tue Jan 14 00:53:21 2025]
localrule run_flask:
    input: dependencies_installed
    output: flask_running
    jobid: 1
    reason: Missing output files: flask_running; Input files updated by another job: dependencies_installed
    resources: tmpdir=/tmp

Terminating processes on user request, this might take some time.
Complete log: .snakemake/log/2025-01-14T005320.194341.snakemake.log
WorkflowError:
At least one job did not complete successfully.
